


ARM Macro Assembler    Page 1 


    1 00000000         ;/******************************************************
                       ********************//**
    2 00000000         ; * @file     startup_LPC17xx.s
    3 00000000         ; * @brief    CMSIS Cortex-M3 Core Device Startup File f
                       or
    4 00000000         ; *           NXP LPC17xx Device Series
    5 00000000         ; * @version  V1.10
    6 00000000         ; * @date     06. April 2011 
    7 00000000         ; *
    8 00000000         ; * @note
    9 00000000         ; * Copyright (C) 2009-2011 ARM Limited. All rights rese
                       rved.
   10 00000000         ; *
   11 00000000         ; * @par
   12 00000000         ; * ARM Limited (ARM) is supplying this software for use
                        with Cortex-M
   13 00000000         ; * processor based microcontrollers.  This file can be 
                       freely distributed
   14 00000000         ; * within development tools that are supporting such AR
                       M based processors.
   15 00000000         ; *
   16 00000000         ; * @par
   17 00000000         ; * THIS SOFTWARE IS PROVIDED "AS IS".  NO WARRANTIES, W
                       HETHER EXPRESS, IMPLIED
   18 00000000         ; * OR STATUTORY, INCLUDING, BUT NOT LIMITED TO, IMPLIED
                        WARRANTIES OF
   19 00000000         ; * MERCHANTABILITY AND FITNESS FOR A PARTICULAR PURPOSE
                        APPLY TO THIS SOFTWARE.
   20 00000000         ; * ARM SHALL NOT, IN ANY CIRCUMSTANCES, BE LIABLE FOR S
                       PECIAL, INCIDENTAL, OR
   21 00000000         ; * CONSEQUENTIAL DAMAGES, FOR ANY REASON WHATSOEVER.
   22 00000000         ; *
   23 00000000         ; ******************************************************
                       ************************/
   24 00000000         
   25 00000000         ; *------- <<< Use Configuration Wizard in Context Menu 
                       >>> ------------------
   26 00000000         
   27 00000000         ; <h> Stack Configuration
   28 00000000         ;   <o> Stack Size (in Bytes) <0x0-0xFFFFFFFF:8>
   29 00000000         ; </h>
   30 00000000         
   31 00000000 00000200 
                       Stack_Size
                               EQU              0x00000200
   32 00000000         
   33 00000000                 AREA             STACK, NOINIT, READWRITE, ALIGN
=3
   34 00000000                 SPACE            Stack_Size/2
   35 00000100         Stack_Mem
                               SPACE            Stack_Size/2
   36 00000200         __initial_sp
   37 00000200         
   38 00000200         
   39 00000200         ; <h> Heap Configuration
   40 00000200         ;   <o>  Heap Size (in Bytes) <0x0-0xFFFFFFFF:8>
   41 00000200         ; </h>
   42 00000200         
   43 00000200 00000200 



ARM Macro Assembler    Page 2 


                       Heap_Size
                               EQU              0x00000200
   44 00000200         
   45 00000200                 AREA             HEAP, NOINIT, READWRITE, ALIGN=
3
   46 00000000         __heap_base
   47 00000000         Heap_Mem
                               SPACE            Heap_Size
   48 00000200         __heap_limit
   49 00000200         
   50 00000200         
   51 00000200                 PRESERVE8
   52 00000200                 THUMB
   53 00000200         
   54 00000200         
   55 00000200         ; Vector Table Mapped to Address 0 at Reset
   56 00000200         
   57 00000200                 AREA             RESET, DATA, READONLY
   58 00000000                 EXPORT           __Vectors
   59 00000000         
   60 00000000 00000000 
                       __Vectors
                               DCD              __initial_sp ; Top of Stack
   61 00000004 00000000        DCD              Reset_Handler ; Reset Handler
   62 00000008 00000000        DCD              NMI_Handler ; NMI Handler
   63 0000000C 00000000        DCD              HardFault_Handler ; Hard Fault 
                                                            Handler
   64 00000010 00000000        DCD              MemManage_Handler 
                                                            ; MPU Fault Handler
                                                            
   65 00000014 00000000        DCD              BusFault_Handler 
                                                            ; Bus Fault Handler
                                                            
   66 00000018 00000000        DCD              UsageFault_Handler ; Usage Faul
                                                            t Handler
   67 0000001C 00000000        DCD              0           ; Reserved
   68 00000020 00000000        DCD              0           ; Reserved
   69 00000024 00000000        DCD              0           ; Reserved
   70 00000028 00000000        DCD              0           ; Reserved
   71 0000002C 00000000        DCD              SVC_Handler ; SVCall Handler
   72 00000030 00000000        DCD              DebugMon_Handler ; Debug Monito
                                                            r Handler
   73 00000034 00000000        DCD              0           ; Reserved
   74 00000038 00000000        DCD              PendSV_Handler ; PendSV Handler
                                                            
   75 0000003C 00000000        DCD              SysTick_Handler 
                                                            ; SysTick Handler
   76 00000040         
   77 00000040         ; External Interrupts
   78 00000040 00000000        DCD              WDT_IRQHandler ; 16: Watchdog T
                                                            imer
   79 00000044 00000000        DCD              TIMER0_IRQHandler ; 17: Timer0
   80 00000048 00000000        DCD              TIMER1_IRQHandler ; 18: Timer1
   81 0000004C 00000000        DCD              TIMER2_IRQHandler ; 19: Timer2
   82 00000050 00000000        DCD              TIMER3_IRQHandler ; 20: Timer3
   83 00000054 00000000        DCD              UART0_IRQHandler ; 21: UART0
   84 00000058 00000000        DCD              UART1_IRQHandler ; 22: UART1
   85 0000005C 00000000        DCD              UART2_IRQHandler ; 23: UART2
   86 00000060 00000000        DCD              UART3_IRQHandler ; 24: UART3



ARM Macro Assembler    Page 3 


   87 00000064 00000000        DCD              PWM1_IRQHandler ; 25: PWM1
   88 00000068 00000000        DCD              I2C0_IRQHandler ; 26: I2C0
   89 0000006C 00000000        DCD              I2C1_IRQHandler ; 27: I2C1
   90 00000070 00000000        DCD              I2C2_IRQHandler ; 28: I2C2
   91 00000074 00000000        DCD              SPI_IRQHandler ; 29: SPI
   92 00000078 00000000        DCD              SSP0_IRQHandler ; 30: SSP0
   93 0000007C 00000000        DCD              SSP1_IRQHandler ; 31: SSP1
   94 00000080 00000000        DCD              PLL0_IRQHandler ; 32: PLL0 Lock
                                                             (Main PLL)
   95 00000084 00000000        DCD              RTC_IRQHandler ; 33: Real Time 
                                                            Clock
   96 00000088 00000000        DCD              EINT0_IRQHandler ; 34: External
                                                             Interrupt 0
   97 0000008C 00000000        DCD              EINT1_IRQHandler ; 35: External
                                                             Interrupt 1
   98 00000090 00000000        DCD              EINT2_IRQHandler ; 36: External
                                                             Interrupt 2
   99 00000094 00000000        DCD              EINT3_IRQHandler ; 37: External
                                                             Interrupt 3
  100 00000098 00000000        DCD              ADC_IRQHandler 
                                                            ; 38: A/D Converter
                                                            
  101 0000009C 00000000        DCD              BOD_IRQHandler ; 39: Brown-Out 
                                                            Detect
  102 000000A0 00000000        DCD              USB_IRQHandler ; 40: USB
  103 000000A4 00000000        DCD              CAN_IRQHandler ; 41: CAN
  104 000000A8 00000000        DCD              DMA_IRQHandler ; 42: General Pu
                                                            rpose DMA
  105 000000AC 00000000        DCD              I2S_IRQHandler ; 43: I2S
  106 000000B0 00000000        DCD              ENET_IRQHandler ; 44: Ethernet
  107 000000B4 00000000        DCD              RIT_IRQHandler ; 45: Repetitive
                                                             Interrupt Timer
  108 000000B8 00000000        DCD              MCPWM_IRQHandler ; 46: Motor Co
                                                            ntrol PWM
  109 000000BC 00000000        DCD              QEI_IRQHandler ; 47: Quadrature
                                                             Encoder Interface
  110 000000C0 00000000        DCD              PLL1_IRQHandler ; 48: PLL1 Lock
                                                             (USB PLL)
  111 000000C4 00000000        DCD              USBActivity_IRQHandler ; 49: US
                                                            B Activity interrup
                                                            t to wakeup
  112 000000C8 00000000        DCD              CANActivity_IRQHandler ; 50: CA
                                                            N Activity interrup
                                                            t to wakeup
  113 000000CC         
  114 000000CC         
  115 000000CC                 IF               :LNOT::DEF:NO_CRP
  116 000000CC                 AREA             |.ARM.__at_0x02FC|, CODE, READO
NLY
  117 00000000 FFFFFFFF 
                       CRP_Key DCD              0xFFFFFFFF
  118 00000004                 ENDIF
  119 00000004         
  120 00000004         
  121 00000004                 AREA             my_data, DATA, READONLY, ALIGN=
2
  122 00000000                 EXPORT           _Matrix_Coordinates
  123 00000000                 EXPORT           _ROWS
  124 00000000                 EXPORT           _COLUMNS



ARM Macro Assembler    Page 4 


  125 00000000         
  126 00000000 FFFFFFFB 
              00000005 
              FFFFFFFC 
              00000005 
              FFFFFFFD 
              00000005 
              FFFFFFFE 
              00000005 
              FFFFFFFF 
              00000005 
              00000000 
              00000005 
              00000001 
              00000005 
              00000002 
              00000005 
              00000003 
              00000005 
              00000004 
              00000005 
              00000005 
              00000005 _Matrix_Coordinates
                               DCD              -5,5, -4,5,  -3,5, -2,5,  -1,5,
  0,5,  1,5,  2,5,  3,5,  4,5,  5,5
  127 00000058 FFFFFFFB 
              00000004 
              FFFFFFFC 
              00000004 
              FFFFFFFD 
              00000004 
              FFFFFFFE 
              00000004 
              FFFFFFFF 
              00000004 
              00000000 
              00000004 
              00000001 
              00000004 
              00000002 
              00000004 
              00000003 
              00000004 
              00000004 
              00000004 
              00000005 
              00000004         DCD              -5,4,  -4,4,  -3,4,  -2,4,  -1,
4,  0,4,  1,4,  2,4,  3,4,  4,4,  5,4
  128 000000B0 FFFFFFFB 
              00000003 
              FFFFFFFC 
              00000003 
              FFFFFFFD 
              00000003 
              FFFFFFFE 
              00000003 
              FFFFFFFF 
              00000003 
              00000000 



ARM Macro Assembler    Page 5 


              00000003 
              00000001 
              00000003 
              00000002 
              00000003 
              00000003 
              00000003 
              00000004 
              00000003 
              00000005 
              00000003         DCD              -5,3,  -4,3,  -3,3,  -2,3,  -1,
3,  0,3,  1,3,  2,3,  3,3,  4,3,  5,3
  129 00000108 FFFFFFFB 
              00000002 
              FFFFFFFC 
              00000002 
              FFFFFFFD 
              00000002 
              FFFFFFFE 
              00000002 
              FFFFFFFF 
              00000002 
              00000000 
              00000002 
              00000001 
              00000002 
              00000002 
              00000002 
              00000003 
              00000002 
              00000004 
              00000002 
              00000005 
              00000002         DCD              -5,2,  -4,2,  -3,2,  -2,2,  -1,
2,  0,2,  1,2,  2,2,  3,2,  4,2,  5,2
  130 00000160 FFFFFFFB 
              00000001 
              FFFFFFFC 
              00000001 
              FFFFFFFD 
              00000001 
              FFFFFFFE 
              00000001 
              FFFFFFFF 
              00000001 
              00000000 
              00000001 
              00000001 
              00000001 
              00000002 
              00000001 
              00000003 
              00000001 
              00000004 
              00000001 
              00000005 
              00000001         DCD              -5,1,  -4,1,  -3,1,  -2,1,  -1,
1,  0,1,  1,1,  2,1,  3,1,  4,1,  5,1
  131 000001B8 FFFFFFFB 



ARM Macro Assembler    Page 6 


              00000000 
              FFFFFFFC 
              00000000 
              FFFFFFFD 
              00000000 
              FFFFFFFE 
              00000000 
              FFFFFFFF 
              00000000 
              00000000 
              00000000 
              00000001 
              00000000 
              00000002 
              00000000 
              00000003 
              00000000 
              00000004 
              00000000 
              00000005 
              00000000         DCD              -5,0,  -4,0,  -3,0,  -2,0,  -1,
0,  0,0,  1,0,  2,0,  3,0,  4,0,  5,0
  132 00000210 FFFFFFFB 
              FFFFFFFF 
              FFFFFFFC 
              FFFFFFFF 
              FFFFFFFD 
              FFFFFFFF 
              FFFFFFFE 
              FFFFFFFF 
              FFFFFFFF 
              FFFFFFFF 
              00000000 
              FFFFFFFF 
              00000001 
              FFFFFFFF 
              00000002 
              FFFFFFFF 
              00000003 
              FFFFFFFF 
              00000004 
              FFFFFFFF 
              00000005 
              FFFFFFFF         DCD              -5,-1,  -4,-1,  -3,-1,  -2,-1, 
 -1,-1,  0,-1,  1,-1,  2,-1,  3,-1, 4,-1,  5,-1
  133 00000268 FFFFFFFB 
              FFFFFFFE 
              FFFFFFFC 
              FFFFFFFE 
              FFFFFFFD 
              FFFFFFFE 
              FFFFFFFE 
              FFFFFFFE 
              FFFFFFFF 
              FFFFFFFE 
              00000000 
              FFFFFFFE 
              00000001 
              FFFFFFFE 



ARM Macro Assembler    Page 7 


              00000002 
              FFFFFFFE 
              00000003 
              FFFFFFFE 
              00000004 
              FFFFFFFE 
              00000005 
              FFFFFFFE         DCD              -5,-2,  -4,-2,  -3,-2,  -2,-2, 
 -1,-2,  0,-2,  1,-2,  2,-2,  3,-2,  4,-2,  5,-2
  134 000002C0 FFFFFFFB 
              FFFFFFFD 
              FFFFFFFC 
              FFFFFFFD 
              FFFFFFFD 
              FFFFFFFD 
              FFFFFFFE 
              FFFFFFFD 
              FFFFFFFF 
              FFFFFFFD 
              00000000 
              FFFFFFFD 
              00000001 
              FFFFFFFD 
              00000002 
              FFFFFFFD 
              00000003 
              FFFFFFFD 
              00000004 
              FFFFFFFD 
              00000005 
              FFFFFFFD         DCD              -5,-3,  -4,-3,  -3,-3,  -2,-3, 
 -1,-3,  0,-3,  1,-3,  2,-3,  3,-3,  4,-3,  5,-3
  135 00000318 FFFFFFFB 
              FFFFFFFC 
              FFFFFFFC 
              FFFFFFFC 
              FFFFFFFD 
              FFFFFFFC 
              FFFFFFFE 
              FFFFFFFC 
              FFFFFFFF 
              FFFFFFFC 
              00000000 
              FFFFFFFC 
              00000001 
              FFFFFFFC 
              00000002 
              FFFFFFFC 
              00000003 
              FFFFFFFC 
              00000004 
              FFFFFFFC 
              00000005 
              FFFFFFFC         DCD              -5,-4,  -4,-4,  -3,-4,  -2,-4, 
 -1,-4,  0,-4,  1,-4,  2,-4,  3,-4,  4,-4,  5,-4
  136 00000370 FFFFFFFB 
              FFFFFFFB 
              FFFFFFFC 
              FFFFFFFB 



ARM Macro Assembler    Page 8 


              FFFFFFFD 
              FFFFFFFB 
              FFFFFFFE 
              FFFFFFFB 
              FFFFFFFF 
              FFFFFFFB 
              00000000 
              FFFFFFFB 
              00000001 
              FFFFFFFB 
              00000002 
              FFFFFFFB 
              00000003 
              FFFFFFFB 
              00000004 
              FFFFFFFB 
              00000005 
              FFFFFFFB         DCD              -5,-5,  -4,-5,  -3,-5,  -2,-5, 
 -1,-5,  0,-5,  1,-5,  2,-5,  3,-5,  4,-5,  5,-5
  137 000003C8         
  138 000003C8 00000016 
                       _COLUMNS
                               DCD              22
  139 000003CC 0000000B 
                       _ROWS   DCD              11
  140 000003D0         
  141 000003D0                 AREA             my_O_data, DATA, READWRITE, ALI
GN=3
  142 00000000         
  143 00000000 00 00 00 
              00 00 00 
              00 00 00 
              00 00 00 
              00 00 00 
              00 00 00 
              00 00 00 
              00 00 00 
              00 00 00 
              00 00 00 
              00 00 00 
              00 00 00 
              00 00 00 
              00 00 00 
              00 00 00 
              00 00 00 
              00 00 00 
              00 00 00 
              00 00 00 
              00 00 00 
              00 00 00 
              00 00 00 
              00 00 00 
              00 00 00 
              00 00 00 
              00 00 00 
              00 00 00 
              00 00 00 
              00 00 00 
              00 00 00 



ARM Macro Assembler    Page 9 


              00 00 00 
              00 00 00 
              00 00 00 
              00 00 00 
              00 00 00 
              00 00 00 
              00 00 00 
              00 00 00 
              00 00 00 
              00 00 00 
              00 00 00 
              00 00 00 
              00 00 00 
              00 00 00 
              00 00 00 
              00 00 00 
              00 00 00 
              00 00 00 
              00 00 00 
              00 00 00 
              00 00 00 
              00 00 00 
              00 00 00 
              00 00 00 
              00 00 00 
              00 00 00 
              00 00 00 
              00 00 00 
              00 00 00 
              00 00 00 
              00 00 00 
              00 00 00 
              00 00 00 
              00 00 00 
              00 00 00 
              00 00 00 
              00 00 00 
              00 00 00 
              00 00 00 
              00 00 00 
              00 00 00 
              00 00 00 
              00 00 00 
              00 00 00 
              00 00 00 
              00 00 00 
              00 00 00 
              00 00 00 
              00 00 00 
              00 00 00 
              00 00    _Opt_M_Coordinates
                               SPACE            22 * 11
  144 000000F2         
  145 000000F2         
  146 000000F2         
  147 000000F2                 AREA             |.text|, CODE, READONLY
  148 00000000         
  149 00000000         
  150 00000000         ; Reset Handler



ARM Macro Assembler    Page 10 


  151 00000000         
  152 00000000         Reset_Handler
                               PROC
  153 00000000                 EXPORT           Reset_Handler           [WEAK]
  154 00000000         
  155 00000000 F04F 0003       MOV              R0, #3
  156 00000004 F380 8814       MSR              CONTROL, R0 ; assegnamo modalit
                                                            à utente (non privi
                                                            legiata)
  157 00000008 F8DF D0B8       LDR              SP, =Stack_Mem ; riassegnamo va
                                                            lore stack pointer 
                                                            con quello deidicat
                                                            o all'utente
  158 0000000C         
  159 0000000C                 IMPORT           main
  160 0000000C 482E            LDR              R0, =main
  161 0000000E 4700            BX               R0
  162 00000010                 ENDP
  163 00000010         
  164 00000010         ; Dummy Exception Handlers (infinite loops which can be 
                       modified)
  165 00000010         
  166 00000010         NMI_Handler
                               PROC
  167 00000010                 EXPORT           NMI_Handler               [WEAK
]
  168 00000010 E7FE            B                .
  169 00000012                 ENDP
  171 00000012         HardFault_Handler
                               PROC
  172 00000012                 EXPORT           HardFault_Handler         [WEAK
]
  173 00000012 E7FE            B                .
  174 00000014                 ENDP
  176 00000014         MemManage_Handler
                               PROC
  177 00000014                 EXPORT           MemManage_Handler         [WEAK
]
  178 00000014 E7FE            B                .
  179 00000016                 ENDP
  181 00000016         BusFault_Handler
                               PROC
  182 00000016                 EXPORT           BusFault_Handler          [WEAK
]
  183 00000016 E7FE            B                .
  184 00000018                 ENDP
  186 00000018         UsageFault_Handler
                               PROC
  187 00000018                 EXPORT           UsageFault_Handler        [WEAK
]
  188 00000018 E7FE            B                .
  189 0000001A                 ENDP
  190 0000001A         SVC_Handler
                               PROC
  191 0000001A                 EXPORT           SVC_Handler               [WEAK
]
  192 0000001A         
  193 0000001A         ; sappiamo già di trovarci in user mode quando la SVC vi
                       ene invocata



ARM Macro Assembler    Page 11 


  194 0000001A         
  195 0000001A E92D 5FFF       PUSH             {R0-R12, LR} ; salvataggio dei 
                                                            registri e del LR
  196 0000001E         
  197 0000001E F3EF 8109       MRS              R1, PSP     ; salvo il valore d
                                                            el PSP
  198 00000022 6988            LDR              R0, [R1, #24] ; recupero il val
                                                            ore del PC, in sest
                                                            a posizione
  199 00000024 F850 0C04       LDR              R0, [R0, #-4] ; recupero istruz
                                                            ione dell SVC
  200 00000028         
  201 00000028 F020 407F       BIC              R0, #0xFF000000
  202 0000002C EA4F 4010       LSR              R0, #16     ; pulizia istruzion
                                                            e per ottenere valo
                                                            re immediato
  203 00000030         
  204 00000030 28CA            CMP              R0, #0xCA
  205 00000032 D002            BEQ              REG
  206 00000034 28FE            CMP              R0, #0xFE
  207 00000036 D023            BEQ              NORM
  208 00000038 E036            B                USCITA
  209 0000003A         
  210 0000003A         REG
  211 0000003A EA80 0001       EOR              R0, R0, R1  ; la XOR in ARM si 
                                                            fa con istruzione E
                                                            OR
  212 0000003E EA80 0002       EOR              R0, R0, R2
  213 00000042 EA80 0003       EOR              R0, R0, R3
  214 00000046 EA80 0004       EOR              R0, R0, R4
  215 0000004A EA80 0005       EOR              R0, R0, R5
  216 0000004E EA80 0006       EOR              R0, R0, R6
  217 00000052 EA80 0007       EOR              R0, R0, R7
  218 00000056 EA80 0008       EOR              R0, R0, R8
  219 0000005A EA80 0009       EOR              R0, R0, R9
  220 0000005E EA80 000A       EOR              R0, R0, R10
  221 00000062 EA80 000B       EOR              R0, R0, R11
  222 00000066 EA80 000C       EOR              R0, R0, R12
  223 0000006A EA80 000E       EOR              R0, R0, LR
  224 0000006E F3EF 8103       MRS              R1, XPSR    ; devo prima savarm
                                                            i il process status
                                                             register con istru
                                                            zione MRS
  225 00000072 EA80 0001       EOR              R0, R0, R1  ; e solo dopo fare 
                                                            una XOR
  226 00000076         
  227 00000076 F3EF 8109       MRS              R1, PSP     ; indirizzo di part
                                                            enza stack utente
  228 0000007A F101 0120       ADD              R1, R1, #32 ; vado avanti di 8 
                                                            posizioni
  229 0000007E 6008            STR              R0, [R1]    ; facciamo la store
                                                             del valore di R0 n
                                                            ella posizione sopr
                                                            a XPSR (+8 posizion
                                                            i da R0)
  230 00000080         
  231 00000080         NORM
  232 00000080         
  233 00000080 F85F 0004       LDR              R0, _ROWS



ARM Macro Assembler    Page 12 


  234 00000084 F85F 1004       LDR              R1, _COLUMNS ; ricavo dimension
                                                            e matrice
  235 00000088 FB00 F001       MUL              R0, R0, R1
  236 0000008C F04F 0100       MOV              R1, #0
  237 00000090 F85F 3004       LDR              R3, _Matrix_Coordinates
  238 00000094 4C0D            LDR              R4, =_Opt_M_Coordinates
  239 00000096 F04F 0200       MOV              R2, #0
  240 0000009A         
  241 0000009A         EXT_LOOP
  242 0000009A         
  243 0000009A F853 5022       LDR              R5, [R3, R2, LSL #2]
  244 0000009E 50A5            STR              R5, [R4, R2]
  245 000000A0 F102 0201       ADD              R2, R2, #1
  246 000000A4 4282            CMP              R2, R0
  247 000000A6 D1F8            BNE              EXT_LOOP
  248 000000A8         
  249 000000A8         
  250 000000A8         USCITA
  251 000000A8 E8BD 5FFF       POP              {R0-R12, LR} ; ripristino valor
                                                            i e salto all'uscit
                                                            a
  252 000000AC 4770            BX               LR
  253 000000AE         
  254 000000AE                 ENDP
  256 000000AE         DebugMon_Handler
                               PROC
  257 000000AE                 EXPORT           DebugMon_Handler          [WEAK
]
  258 000000AE E7FE            B                .
  259 000000B0                 ENDP
  260 000000B0         PendSV_Handler
                               PROC
  261 000000B0                 EXPORT           PendSV_Handler            [WEAK
]
  262 000000B0 E7FE            B                .
  263 000000B2                 ENDP
  264 000000B2         SysTick_Handler
                               PROC
  265 000000B2                 EXPORT           SysTick_Handler           [WEAK
]
  266 000000B2 E7FE            B                .
  267 000000B4                 ENDP
  268 000000B4         
  269 000000B4         Default_Handler
                               PROC
  270 000000B4         
  271 000000B4                 EXPORT           WDT_IRQHandler            [WEAK
]
  272 000000B4                 EXPORT           TIMER0_IRQHandler         [WEAK
]
  273 000000B4                 EXPORT           TIMER1_IRQHandler         [WEAK
]
  274 000000B4                 EXPORT           TIMER2_IRQHandler         [WEAK
]
  275 000000B4                 EXPORT           TIMER3_IRQHandler         [WEAK
]
  276 000000B4                 EXPORT           UART0_IRQHandler          [WEAK
]
  277 000000B4                 EXPORT           UART1_IRQHandler          [WEAK



ARM Macro Assembler    Page 13 


]
  278 000000B4                 EXPORT           UART2_IRQHandler          [WEAK
]
  279 000000B4                 EXPORT           UART3_IRQHandler          [WEAK
]
  280 000000B4                 EXPORT           PWM1_IRQHandler           [WEAK
]
  281 000000B4                 EXPORT           I2C0_IRQHandler           [WEAK
]
  282 000000B4                 EXPORT           I2C1_IRQHandler           [WEAK
]
  283 000000B4                 EXPORT           I2C2_IRQHandler           [WEAK
]
  284 000000B4                 EXPORT           SPI_IRQHandler            [WEAK
]
  285 000000B4                 EXPORT           SSP0_IRQHandler           [WEAK
]
  286 000000B4                 EXPORT           SSP1_IRQHandler           [WEAK
]
  287 000000B4                 EXPORT           PLL0_IRQHandler           [WEAK
]
  288 000000B4                 EXPORT           RTC_IRQHandler            [WEAK
]
  289 000000B4                 EXPORT           EINT0_IRQHandler          [WEAK
]
  290 000000B4                 EXPORT           EINT1_IRQHandler          [WEAK
]
  291 000000B4                 EXPORT           EINT2_IRQHandler          [WEAK
]
  292 000000B4                 EXPORT           EINT3_IRQHandler          [WEAK
]
  293 000000B4                 EXPORT           ADC_IRQHandler            [WEAK
]
  294 000000B4                 EXPORT           BOD_IRQHandler            [WEAK
]
  295 000000B4                 EXPORT           USB_IRQHandler            [WEAK
]
  296 000000B4                 EXPORT           CAN_IRQHandler            [WEAK
]
  297 000000B4                 EXPORT           DMA_IRQHandler            [WEAK
]
  298 000000B4                 EXPORT           I2S_IRQHandler            [WEAK
]
  299 000000B4                 EXPORT           ENET_IRQHandler           [WEAK
]
  300 000000B4                 EXPORT           RIT_IRQHandler            [WEAK
]
  301 000000B4                 EXPORT           MCPWM_IRQHandler          [WEAK
]
  302 000000B4                 EXPORT           QEI_IRQHandler            [WEAK
]
  303 000000B4                 EXPORT           PLL1_IRQHandler           [WEAK
]
  304 000000B4                 EXPORT           USBActivity_IRQHandler    [WEAK
]
  305 000000B4                 EXPORT           CANActivity_IRQHandler    [WEAK
]
  306 000000B4         
  307 000000B4         WDT_IRQHandler



ARM Macro Assembler    Page 14 


  308 000000B4         TIMER0_IRQHandler
  309 000000B4         TIMER1_IRQHandler
  310 000000B4         TIMER2_IRQHandler
  311 000000B4         TIMER3_IRQHandler
  312 000000B4         UART0_IRQHandler
  313 000000B4         UART1_IRQHandler
  314 000000B4         UART2_IRQHandler
  315 000000B4         UART3_IRQHandler
  316 000000B4         PWM1_IRQHandler
  317 000000B4         I2C0_IRQHandler
  318 000000B4         I2C1_IRQHandler
  319 000000B4         I2C2_IRQHandler
  320 000000B4         SPI_IRQHandler
  321 000000B4         SSP0_IRQHandler
  322 000000B4         SSP1_IRQHandler
  323 000000B4         PLL0_IRQHandler
  324 000000B4         RTC_IRQHandler
  325 000000B4         EINT0_IRQHandler
  326 000000B4         EINT1_IRQHandler
  327 000000B4         EINT2_IRQHandler
  328 000000B4         EINT3_IRQHandler
  329 000000B4         ADC_IRQHandler
  330 000000B4         BOD_IRQHandler
  331 000000B4         USB_IRQHandler
  332 000000B4         CAN_IRQHandler
  333 000000B4         DMA_IRQHandler
  334 000000B4         I2S_IRQHandler
  335 000000B4         ENET_IRQHandler
  336 000000B4         RIT_IRQHandler
  337 000000B4         MCPWM_IRQHandler
  338 000000B4         QEI_IRQHandler
  339 000000B4         PLL1_IRQHandler
  340 000000B4         USBActivity_IRQHandler
  341 000000B4         CANActivity_IRQHandler
  342 000000B4         
  343 000000B4 E7FE            B                .
  344 000000B6         
  345 000000B6                 ENDP
  346 000000B6         
  347 000000B6         
  348 000000B6 00 00           ALIGN
  349 000000B8         
  350 000000B8         
  351 000000B8         ; User Initial Stack & Heap
  352 000000B8         
  353 000000B8                 IF               :DEF:__MICROLIB
  360 000000B8         
  361 000000B8                 IMPORT           __use_two_region_memory
  362 000000B8                 EXPORT           __user_initial_stackheap
  363 000000B8         __user_initial_stackheap
  364 000000B8         
  365 000000B8 4805            LDR              R0, =  Heap_Mem
  366 000000BA 4906            LDR              R1, =(Stack_Mem + Stack_Size)
  367 000000BC 4A06            LDR              R2, = (Heap_Mem +  Heap_Size)
  368 000000BE 4B01            LDR              R3, = Stack_Mem
  369 000000C0 4770            BX               LR
  370 000000C2         
  371 000000C2 00 00           ALIGN
  372 000000C4         



ARM Macro Assembler    Page 15 


  373 000000C4                 ENDIF
  374 000000C4         
  375 000000C4         
  376 000000C4                 END
              00000000 
              00000000 
              00000000 
              00000000 
              00000200 
              00000200 
Command Line: --debug --xref --diag_suppress=9931 --cpu=Cortex-M3 --apcs=interw
ork --depend=.\startup_lpc17xx.d -o.\startup_lpc17xx.o -I.\RTE\_Target_1 -I"C:\
Users\Filippo Martino\AppData\Local\Arm\Packs\ARM\CMSIS\5.8.0\CMSIS\Core\Includ
e" -I"C:\Users\Filippo Martino\AppData\Local\Arm\Packs\Keil\LPC1700_DFP\2.7.1\D
evice\Include" --predefine="__EVAL SETA 1" --predefine="__UVISION_VERSION SETA 
536" --predefine="_RTE_ SETA 1" --predefine="LPC175x_6x SETA 1" --predefine="_R
TE_ SETA 1" --list=.\startup_lpc17xx.lst startup_LPC17xx.s



ARM Macro Assembler    Page 1 Alphabetic symbol ordering
Relocatable symbols

STACK 00000000

Symbol: STACK
   Definitions
      At line 33 in file startup_LPC17xx.s
   Uses
      None
Comment: STACK unused
Stack_Mem 00000100

Symbol: Stack_Mem
   Definitions
      At line 35 in file startup_LPC17xx.s
   Uses
      At line 157 in file startup_LPC17xx.s
      At line 366 in file startup_LPC17xx.s
      At line 368 in file startup_LPC17xx.s

__initial_sp 00000200

Symbol: __initial_sp
   Definitions
      At line 36 in file startup_LPC17xx.s
   Uses
      At line 60 in file startup_LPC17xx.s
Comment: __initial_sp used once
3 symbols



ARM Macro Assembler    Page 1 Alphabetic symbol ordering
Relocatable symbols

HEAP 00000000

Symbol: HEAP
   Definitions
      At line 45 in file startup_LPC17xx.s
   Uses
      None
Comment: HEAP unused
Heap_Mem 00000000

Symbol: Heap_Mem
   Definitions
      At line 47 in file startup_LPC17xx.s
   Uses
      At line 365 in file startup_LPC17xx.s
      At line 367 in file startup_LPC17xx.s

__heap_base 00000000

Symbol: __heap_base
   Definitions
      At line 46 in file startup_LPC17xx.s
   Uses
      None
Comment: __heap_base unused
__heap_limit 00000200

Symbol: __heap_limit
   Definitions
      At line 48 in file startup_LPC17xx.s
   Uses
      None
Comment: __heap_limit unused
4 symbols



ARM Macro Assembler    Page 1 Alphabetic symbol ordering
Relocatable symbols

RESET 00000000

Symbol: RESET
   Definitions
      At line 57 in file startup_LPC17xx.s
   Uses
      None
Comment: RESET unused
__Vectors 00000000

Symbol: __Vectors
   Definitions
      At line 60 in file startup_LPC17xx.s
   Uses
      At line 58 in file startup_LPC17xx.s
Comment: __Vectors used once
2 symbols



ARM Macro Assembler    Page 1 Alphabetic symbol ordering
Relocatable symbols

.ARM.__at_0x02FC 00000000

Symbol: .ARM.__at_0x02FC
   Definitions
      At line 116 in file startup_LPC17xx.s
   Uses
      None
Comment: .ARM.__at_0x02FC unused
CRP_Key 00000000

Symbol: CRP_Key
   Definitions
      At line 117 in file startup_LPC17xx.s
   Uses
      None
Comment: CRP_Key unused
2 symbols



ARM Macro Assembler    Page 1 Alphabetic symbol ordering
Relocatable symbols

_COLUMNS 000003C8

Symbol: _COLUMNS
   Definitions
      At line 138 in file startup_LPC17xx.s
   Uses
      At line 124 in file startup_LPC17xx.s
      At line 234 in file startup_LPC17xx.s

_Matrix_Coordinates 00000000

Symbol: _Matrix_Coordinates
   Definitions
      At line 126 in file startup_LPC17xx.s
   Uses
      At line 122 in file startup_LPC17xx.s
      At line 237 in file startup_LPC17xx.s

_ROWS 000003CC

Symbol: _ROWS
   Definitions
      At line 139 in file startup_LPC17xx.s
   Uses
      At line 123 in file startup_LPC17xx.s
      At line 233 in file startup_LPC17xx.s

my_data 00000000

Symbol: my_data
   Definitions
      At line 121 in file startup_LPC17xx.s
   Uses
      None
Comment: my_data unused
4 symbols



ARM Macro Assembler    Page 1 Alphabetic symbol ordering
Relocatable symbols

_Opt_M_Coordinates 00000000

Symbol: _Opt_M_Coordinates
   Definitions
      At line 143 in file startup_LPC17xx.s
   Uses
      At line 238 in file startup_LPC17xx.s
Comment: _Opt_M_Coordinates used once
my_O_data 00000000

Symbol: my_O_data
   Definitions
      At line 141 in file startup_LPC17xx.s
   Uses
      None
Comment: my_O_data unused
2 symbols



ARM Macro Assembler    Page 1 Alphabetic symbol ordering
Relocatable symbols

.text 00000000

Symbol: .text
   Definitions
      At line 147 in file startup_LPC17xx.s
   Uses
      None
Comment: .text unused
ADC_IRQHandler 000000B4

Symbol: ADC_IRQHandler
   Definitions
      At line 329 in file startup_LPC17xx.s
   Uses
      At line 100 in file startup_LPC17xx.s
      At line 293 in file startup_LPC17xx.s

BOD_IRQHandler 000000B4

Symbol: BOD_IRQHandler
   Definitions
      At line 330 in file startup_LPC17xx.s
   Uses
      At line 101 in file startup_LPC17xx.s
      At line 294 in file startup_LPC17xx.s

BusFault_Handler 00000016

Symbol: BusFault_Handler
   Definitions
      At line 181 in file startup_LPC17xx.s
   Uses
      At line 65 in file startup_LPC17xx.s
      At line 182 in file startup_LPC17xx.s

CANActivity_IRQHandler 000000B4

Symbol: CANActivity_IRQHandler
   Definitions
      At line 341 in file startup_LPC17xx.s
   Uses
      At line 112 in file startup_LPC17xx.s
      At line 305 in file startup_LPC17xx.s

CAN_IRQHandler 000000B4

Symbol: CAN_IRQHandler
   Definitions
      At line 332 in file startup_LPC17xx.s
   Uses
      At line 103 in file startup_LPC17xx.s
      At line 296 in file startup_LPC17xx.s

DMA_IRQHandler 000000B4

Symbol: DMA_IRQHandler
   Definitions
      At line 333 in file startup_LPC17xx.s
   Uses



ARM Macro Assembler    Page 2 Alphabetic symbol ordering
Relocatable symbols

      At line 104 in file startup_LPC17xx.s
      At line 297 in file startup_LPC17xx.s

DebugMon_Handler 000000AE

Symbol: DebugMon_Handler
   Definitions
      At line 256 in file startup_LPC17xx.s
   Uses
      At line 72 in file startup_LPC17xx.s
      At line 257 in file startup_LPC17xx.s

Default_Handler 000000B4

Symbol: Default_Handler
   Definitions
      At line 269 in file startup_LPC17xx.s
   Uses
      None
Comment: Default_Handler unused
EINT0_IRQHandler 000000B4

Symbol: EINT0_IRQHandler
   Definitions
      At line 325 in file startup_LPC17xx.s
   Uses
      At line 96 in file startup_LPC17xx.s
      At line 289 in file startup_LPC17xx.s

EINT1_IRQHandler 000000B4

Symbol: EINT1_IRQHandler
   Definitions
      At line 326 in file startup_LPC17xx.s
   Uses
      At line 97 in file startup_LPC17xx.s
      At line 290 in file startup_LPC17xx.s

EINT2_IRQHandler 000000B4

Symbol: EINT2_IRQHandler
   Definitions
      At line 327 in file startup_LPC17xx.s
   Uses
      At line 98 in file startup_LPC17xx.s
      At line 291 in file startup_LPC17xx.s

EINT3_IRQHandler 000000B4

Symbol: EINT3_IRQHandler
   Definitions
      At line 328 in file startup_LPC17xx.s
   Uses
      At line 99 in file startup_LPC17xx.s
      At line 292 in file startup_LPC17xx.s

ENET_IRQHandler 000000B4

Symbol: ENET_IRQHandler



ARM Macro Assembler    Page 3 Alphabetic symbol ordering
Relocatable symbols

   Definitions
      At line 335 in file startup_LPC17xx.s
   Uses
      At line 106 in file startup_LPC17xx.s
      At line 299 in file startup_LPC17xx.s

EXT_LOOP 0000009A

Symbol: EXT_LOOP
   Definitions
      At line 241 in file startup_LPC17xx.s
   Uses
      At line 247 in file startup_LPC17xx.s
Comment: EXT_LOOP used once
HardFault_Handler 00000012

Symbol: HardFault_Handler
   Definitions
      At line 171 in file startup_LPC17xx.s
   Uses
      At line 63 in file startup_LPC17xx.s
      At line 172 in file startup_LPC17xx.s

I2C0_IRQHandler 000000B4

Symbol: I2C0_IRQHandler
   Definitions
      At line 317 in file startup_LPC17xx.s
   Uses
      At line 88 in file startup_LPC17xx.s
      At line 281 in file startup_LPC17xx.s

I2C1_IRQHandler 000000B4

Symbol: I2C1_IRQHandler
   Definitions
      At line 318 in file startup_LPC17xx.s
   Uses
      At line 89 in file startup_LPC17xx.s
      At line 282 in file startup_LPC17xx.s

I2C2_IRQHandler 000000B4

Symbol: I2C2_IRQHandler
   Definitions
      At line 319 in file startup_LPC17xx.s
   Uses
      At line 90 in file startup_LPC17xx.s
      At line 283 in file startup_LPC17xx.s

I2S_IRQHandler 000000B4

Symbol: I2S_IRQHandler
   Definitions
      At line 334 in file startup_LPC17xx.s
   Uses
      At line 105 in file startup_LPC17xx.s
      At line 298 in file startup_LPC17xx.s




ARM Macro Assembler    Page 4 Alphabetic symbol ordering
Relocatable symbols

MCPWM_IRQHandler 000000B4

Symbol: MCPWM_IRQHandler
   Definitions
      At line 337 in file startup_LPC17xx.s
   Uses
      At line 108 in file startup_LPC17xx.s
      At line 301 in file startup_LPC17xx.s

MemManage_Handler 00000014

Symbol: MemManage_Handler
   Definitions
      At line 176 in file startup_LPC17xx.s
   Uses
      At line 64 in file startup_LPC17xx.s
      At line 177 in file startup_LPC17xx.s

NMI_Handler 00000010

Symbol: NMI_Handler
   Definitions
      At line 166 in file startup_LPC17xx.s
   Uses
      At line 62 in file startup_LPC17xx.s
      At line 167 in file startup_LPC17xx.s

NORM 00000080

Symbol: NORM
   Definitions
      At line 231 in file startup_LPC17xx.s
   Uses
      At line 207 in file startup_LPC17xx.s
Comment: NORM used once
PLL0_IRQHandler 000000B4

Symbol: PLL0_IRQHandler
   Definitions
      At line 323 in file startup_LPC17xx.s
   Uses
      At line 94 in file startup_LPC17xx.s
      At line 287 in file startup_LPC17xx.s

PLL1_IRQHandler 000000B4

Symbol: PLL1_IRQHandler
   Definitions
      At line 339 in file startup_LPC17xx.s
   Uses
      At line 110 in file startup_LPC17xx.s
      At line 303 in file startup_LPC17xx.s

PWM1_IRQHandler 000000B4

Symbol: PWM1_IRQHandler
   Definitions
      At line 316 in file startup_LPC17xx.s
   Uses



ARM Macro Assembler    Page 5 Alphabetic symbol ordering
Relocatable symbols

      At line 87 in file startup_LPC17xx.s
      At line 280 in file startup_LPC17xx.s

PendSV_Handler 000000B0

Symbol: PendSV_Handler
   Definitions
      At line 260 in file startup_LPC17xx.s
   Uses
      At line 74 in file startup_LPC17xx.s
      At line 261 in file startup_LPC17xx.s

QEI_IRQHandler 000000B4

Symbol: QEI_IRQHandler
   Definitions
      At line 338 in file startup_LPC17xx.s
   Uses
      At line 109 in file startup_LPC17xx.s
      At line 302 in file startup_LPC17xx.s

REG 0000003A

Symbol: REG
   Definitions
      At line 210 in file startup_LPC17xx.s
   Uses
      At line 205 in file startup_LPC17xx.s
Comment: REG used once
RIT_IRQHandler 000000B4

Symbol: RIT_IRQHandler
   Definitions
      At line 336 in file startup_LPC17xx.s
   Uses
      At line 107 in file startup_LPC17xx.s
      At line 300 in file startup_LPC17xx.s

RTC_IRQHandler 000000B4

Symbol: RTC_IRQHandler
   Definitions
      At line 324 in file startup_LPC17xx.s
   Uses
      At line 95 in file startup_LPC17xx.s
      At line 288 in file startup_LPC17xx.s

Reset_Handler 00000000

Symbol: Reset_Handler
   Definitions
      At line 152 in file startup_LPC17xx.s
   Uses
      At line 61 in file startup_LPC17xx.s
      At line 153 in file startup_LPC17xx.s

SPI_IRQHandler 000000B4

Symbol: SPI_IRQHandler



ARM Macro Assembler    Page 6 Alphabetic symbol ordering
Relocatable symbols

   Definitions
      At line 320 in file startup_LPC17xx.s
   Uses
      At line 91 in file startup_LPC17xx.s
      At line 284 in file startup_LPC17xx.s

SSP0_IRQHandler 000000B4

Symbol: SSP0_IRQHandler
   Definitions
      At line 321 in file startup_LPC17xx.s
   Uses
      At line 92 in file startup_LPC17xx.s
      At line 285 in file startup_LPC17xx.s

SSP1_IRQHandler 000000B4

Symbol: SSP1_IRQHandler
   Definitions
      At line 322 in file startup_LPC17xx.s
   Uses
      At line 93 in file startup_LPC17xx.s
      At line 286 in file startup_LPC17xx.s

SVC_Handler 0000001A

Symbol: SVC_Handler
   Definitions
      At line 190 in file startup_LPC17xx.s
   Uses
      At line 71 in file startup_LPC17xx.s
      At line 191 in file startup_LPC17xx.s

SysTick_Handler 000000B2

Symbol: SysTick_Handler
   Definitions
      At line 264 in file startup_LPC17xx.s
   Uses
      At line 75 in file startup_LPC17xx.s
      At line 265 in file startup_LPC17xx.s

TIMER0_IRQHandler 000000B4

Symbol: TIMER0_IRQHandler
   Definitions
      At line 308 in file startup_LPC17xx.s
   Uses
      At line 79 in file startup_LPC17xx.s
      At line 272 in file startup_LPC17xx.s

TIMER1_IRQHandler 000000B4

Symbol: TIMER1_IRQHandler
   Definitions
      At line 309 in file startup_LPC17xx.s
   Uses
      At line 80 in file startup_LPC17xx.s
      At line 273 in file startup_LPC17xx.s



ARM Macro Assembler    Page 7 Alphabetic symbol ordering
Relocatable symbols


TIMER2_IRQHandler 000000B4

Symbol: TIMER2_IRQHandler
   Definitions
      At line 310 in file startup_LPC17xx.s
   Uses
      At line 81 in file startup_LPC17xx.s
      At line 274 in file startup_LPC17xx.s

TIMER3_IRQHandler 000000B4

Symbol: TIMER3_IRQHandler
   Definitions
      At line 311 in file startup_LPC17xx.s
   Uses
      At line 82 in file startup_LPC17xx.s
      At line 275 in file startup_LPC17xx.s

UART0_IRQHandler 000000B4

Symbol: UART0_IRQHandler
   Definitions
      At line 312 in file startup_LPC17xx.s
   Uses
      At line 83 in file startup_LPC17xx.s
      At line 276 in file startup_LPC17xx.s

UART1_IRQHandler 000000B4

Symbol: UART1_IRQHandler
   Definitions
      At line 313 in file startup_LPC17xx.s
   Uses
      At line 84 in file startup_LPC17xx.s
      At line 277 in file startup_LPC17xx.s

UART2_IRQHandler 000000B4

Symbol: UART2_IRQHandler
   Definitions
      At line 314 in file startup_LPC17xx.s
   Uses
      At line 85 in file startup_LPC17xx.s
      At line 278 in file startup_LPC17xx.s

UART3_IRQHandler 000000B4

Symbol: UART3_IRQHandler
   Definitions
      At line 315 in file startup_LPC17xx.s
   Uses
      At line 86 in file startup_LPC17xx.s
      At line 279 in file startup_LPC17xx.s

USBActivity_IRQHandler 000000B4

Symbol: USBActivity_IRQHandler
   Definitions



ARM Macro Assembler    Page 8 Alphabetic symbol ordering
Relocatable symbols

      At line 340 in file startup_LPC17xx.s
   Uses
      At line 111 in file startup_LPC17xx.s
      At line 304 in file startup_LPC17xx.s

USB_IRQHandler 000000B4

Symbol: USB_IRQHandler
   Definitions
      At line 331 in file startup_LPC17xx.s
   Uses
      At line 102 in file startup_LPC17xx.s
      At line 295 in file startup_LPC17xx.s

USCITA 000000A8

Symbol: USCITA
   Definitions
      At line 250 in file startup_LPC17xx.s
   Uses
      At line 208 in file startup_LPC17xx.s
Comment: USCITA used once
UsageFault_Handler 00000018

Symbol: UsageFault_Handler
   Definitions
      At line 186 in file startup_LPC17xx.s
   Uses
      At line 66 in file startup_LPC17xx.s
      At line 187 in file startup_LPC17xx.s

WDT_IRQHandler 000000B4

Symbol: WDT_IRQHandler
   Definitions
      At line 307 in file startup_LPC17xx.s
   Uses
      At line 78 in file startup_LPC17xx.s
      At line 271 in file startup_LPC17xx.s

__user_initial_stackheap 000000B8

Symbol: __user_initial_stackheap
   Definitions
      At line 363 in file startup_LPC17xx.s
   Uses
      At line 362 in file startup_LPC17xx.s
Comment: __user_initial_stackheap used once
52 symbols



ARM Macro Assembler    Page 1 Alphabetic symbol ordering
Absolute symbols

Heap_Size 00000200

Symbol: Heap_Size
   Definitions
      At line 43 in file startup_LPC17xx.s
   Uses
      At line 47 in file startup_LPC17xx.s
      At line 367 in file startup_LPC17xx.s

Stack_Size 00000200

Symbol: Stack_Size
   Definitions
      At line 31 in file startup_LPC17xx.s
   Uses
      At line 34 in file startup_LPC17xx.s
      At line 35 in file startup_LPC17xx.s
      At line 366 in file startup_LPC17xx.s

2 symbols



ARM Macro Assembler    Page 1 Alphabetic symbol ordering
External symbols

__use_two_region_memory 00000000

Symbol: __use_two_region_memory
   Definitions
      At line 361 in file startup_LPC17xx.s
   Uses
      None
Comment: __use_two_region_memory unused
main 00000000

Symbol: main
   Definitions
      At line 159 in file startup_LPC17xx.s
   Uses
      At line 160 in file startup_LPC17xx.s
Comment: main used once
2 symbols
413 symbols in table
