


ARM Macro Assembler    Page 1 


    1 00000000         ;/******************************************************
                       ********************//**
    2 00000000         ; * @file     startup_LPC17xx.s
    3 00000000         ; * @brief    CMSIS Cortex-M3 Core Device Startup File f
                       or
    4 00000000         ; *           NXP LPC17xx Device Series
    5 00000000         ; * @version  V1.10
    6 00000000         ; * @date     06. April 2011
    7 00000000         ; *
    8 00000000         ; * @note
    9 00000000         ; * Copyright (C) 2009-2011 ARM Limited. All rights rese
                       rved.
   10 00000000         ; *
   11 00000000         ; * @par
   12 00000000         ; * ARM Limited (ARM) is supplying this software for use
                        with Cortex-M
   13 00000000         ; * processor based microcontrollers.  This file can be 
                       freely distributed
   14 00000000         ; * within development tools that are supporting such AR
                       M based processors.
   15 00000000         ; *
   16 00000000         ; * @par
   17 00000000         ; * THIS SOFTWARE IS PROVIDED "AS IS".  NO WARRANTIES, W
                       HETHER EXPRESS, IMPLIED
   18 00000000         ; * OR STATUTORY, INCLUDING, BUT NOT LIMITED TO, IMPLIED
                        WARRANTIES OF
   19 00000000         ; * MERCHANTABILITY AND FITNESS FOR A PARTICULAR PURPOSE
                        APPLY TO THIS SOFTWARE.
   20 00000000         ; * ARM SHALL NOT, IN ANY CIRCUMSTANCES, BE LIABLE FOR S
                       PECIAL, INCIDENTAL, OR
   21 00000000         ; * CONSEQUENTIAL DAMAGES, FOR ANY REASON WHATSOEVER.
   22 00000000         ; *
   23 00000000         ; ******************************************************
                       ************************/
   24 00000000         
   25 00000000         ; *------- <<< Use Configuration Wizard in Context Menu 
                       >>> ------------------
   26 00000000         
   27 00000000         ; <h> Stack Configuration
   28 00000000         ;   <o> Stack Size (in Bytes) <0x0-0xFFFFFFFF:8>
   29 00000000         ; </h>
   30 00000000         
   31 00000000 00000200 
                       Stack_Size
                               EQU              0x00000200
   32 00000000         
   33 00000000                 AREA             STACK, NOINIT, READWRITE, ALIGN
=3
   34 00000000         Stack_Mem
                               SPACE            Stack_Size
   35 00000200         __initial_sp
   36 00000200         
   37 00000200         
   38 00000200         ; <h> Heap Configuration
   39 00000200         ;   <o>  Heap Size (in Bytes) <0x0-0xFFFFFFFF:8>
   40 00000200         ; </h>
   41 00000200         
   42 00000200 00000000 
                       Heap_Size



ARM Macro Assembler    Page 2 


                               EQU              0x00000000
   43 00000200         
   44 00000200                 AREA             HEAP, NOINIT, READWRITE, ALIGN=
3
   45 00000000         __heap_base
   46 00000000         Heap_Mem
                               SPACE            Heap_Size
   47 00000000         __heap_limit
   48 00000000         
   49 00000000         
   50 00000000                 PRESERVE8
   51 00000000                 THUMB
   52 00000000         
   53 00000000         
   54 00000000         ; Vector Table Mapped to Address 0 at Reset
   55 00000000         
   56 00000000                 AREA             RESET, DATA, READONLY
   57 00000000                 EXPORT           __Vectors
   58 00000000         
   59 00000000 00000000 
                       __Vectors
                               DCD              __initial_sp ; Top of Stack
   60 00000004 00000000        DCD              Reset_Handler ; Reset Handler
   61 00000008 00000000        DCD              NMI_Handler ; NMI Handler
   62 0000000C 00000000        DCD              HardFault_Handler ; Hard Fault 
                                                            Handler
   63 00000010 00000000        DCD              MemManage_Handler 
                                                            ; MPU Fault Handler
                                                            
   64 00000014 00000000        DCD              BusFault_Handler 
                                                            ; Bus Fault Handler
                                                            
   65 00000018 00000000        DCD              UsageFault_Handler ; Usage Faul
                                                            t Handler
   66 0000001C 00000000        DCD              0           ; Reserved
   67 00000020 00000000        DCD              0           ; Reserved
   68 00000024 00000000        DCD              0           ; Reserved
   69 00000028 00000000        DCD              0           ; Reserved
   70 0000002C 00000000        DCD              SVC_Handler ; SVCall Handler
   71 00000030 00000000        DCD              DebugMon_Handler ; Debug Monito
                                                            r Handler
   72 00000034 00000000        DCD              0           ; Reserved
   73 00000038 00000000        DCD              PendSV_Handler ; PendSV Handler
                                                            
   74 0000003C 00000000        DCD              SysTick_Handler 
                                                            ; SysTick Handler
   75 00000040         
   76 00000040         ; External Interrupts
   77 00000040 00000000        DCD              WDT_IRQHandler ; 16: Watchdog T
                                                            imer
   78 00000044 00000000        DCD              TIMER0_IRQHandler ; 17: Timer0
   79 00000048 00000000        DCD              TIMER1_IRQHandler ; 18: Timer1
   80 0000004C 00000000        DCD              TIMER2_IRQHandler ; 19: Timer2
   81 00000050 00000000        DCD              TIMER3_IRQHandler ; 20: Timer3
   82 00000054 00000000        DCD              UART0_IRQHandler ; 21: UART0
   83 00000058 00000000        DCD              UART1_IRQHandler ; 22: UART1
   84 0000005C 00000000        DCD              UART2_IRQHandler ; 23: UART2
   85 00000060 00000000        DCD              UART3_IRQHandler ; 24: UART3
   86 00000064 00000000        DCD              PWM1_IRQHandler ; 25: PWM1



ARM Macro Assembler    Page 3 


   87 00000068 00000000        DCD              I2C0_IRQHandler ; 26: I2C0
   88 0000006C 00000000        DCD              I2C1_IRQHandler ; 27: I2C1
   89 00000070 00000000        DCD              I2C2_IRQHandler ; 28: I2C2
   90 00000074 00000000        DCD              SPI_IRQHandler ; 29: SPI
   91 00000078 00000000        DCD              SSP0_IRQHandler ; 30: SSP0
   92 0000007C 00000000        DCD              SSP1_IRQHandler ; 31: SSP1
   93 00000080 00000000        DCD              PLL0_IRQHandler ; 32: PLL0 Lock
                                                             (Main PLL)
   94 00000084 00000000        DCD              RTC_IRQHandler ; 33: Real Time 
                                                            Clock
   95 00000088 00000000        DCD              EINT0_IRQHandler ; 34: External
                                                             Interrupt 0
   96 0000008C 00000000        DCD              EINT1_IRQHandler ; 35: External
                                                             Interrupt 1
   97 00000090 00000000        DCD              EINT2_IRQHandler ; 36: External
                                                             Interrupt 2
   98 00000094 00000000        DCD              EINT3_IRQHandler ; 37: External
                                                             Interrupt 3
   99 00000098 00000000        DCD              ADC_IRQHandler 
                                                            ; 38: A/D Converter
                                                            
  100 0000009C 00000000        DCD              BOD_IRQHandler ; 39: Brown-Out 
                                                            Detect
  101 000000A0 00000000        DCD              USB_IRQHandler ; 40: USB
  102 000000A4 00000000        DCD              CAN_IRQHandler ; 41: CAN
  103 000000A8 00000000        DCD              DMA_IRQHandler ; 42: General Pu
                                                            rpose DMA
  104 000000AC 00000000        DCD              I2S_IRQHandler ; 43: I2S
  105 000000B0 00000000        DCD              ENET_IRQHandler ; 44: Ethernet
  106 000000B4 00000000        DCD              RIT_IRQHandler ; 45: Repetitive
                                                             Interrupt Timer
  107 000000B8 00000000        DCD              MCPWM_IRQHandler ; 46: Motor Co
                                                            ntrol PWM
  108 000000BC 00000000        DCD              QEI_IRQHandler ; 47: Quadrature
                                                             Encoder Interface
  109 000000C0 00000000        DCD              PLL1_IRQHandler ; 48: PLL1 Lock
                                                             (USB PLL)
  110 000000C4 00000000        DCD              USBActivity_IRQHandler ; 49: US
                                                            B Activity interrup
                                                            t to wakeup
  111 000000C8 00000000        DCD              CANActivity_IRQHandler ; 50: CA
                                                            N Activity interrup
                                                            t to wakeup
  112 000000CC         
  113 000000CC         
  114 000000CC                 IF               :LNOT::DEF:NO_CRP
  115 000000CC                 AREA             |.ARM.__at_0x02FC|, CODE, READO
NLY
  116 00000000 FFFFFFFF 
                       CRP_Key DCD              0xFFFFFFFF
  117 00000004                 ENDIF
  118 00000004         
  119 00000004         
  120 00000004         
  121 00000004         
  122 00000004                 AREA             My_DATA, DATA, READWRITE, align
=3
  123 00000000 00 00 00 
              00 00 00 



ARM Macro Assembler    Page 4 


              00 00 00 
              00 00 00 
              00 00 00 
              00 00 00 
              00 00 00 
              00 00 00 
              00 00 00 
              00 00 00 
              00 00 00 
              00 00 00 
              00 00 00 
              00 00 00 
              00 00 00 
              00 00 00 
              00 00 00 
              00 00 00 
              00 00 00 
              00 00 00 
              00 00 00 
              00 00 00 
              00 00 00 
              00 00 00 
              00 00 00 
              00 00 00 
              00 00    NEW_MATRIX
                               SPACE            5*4*4
  124 00000050         
  125 00000050         
  126 00000050                 AREA             |.text|, CODE, READONLY, align=
3
  127 00000000         
  128 00000000         ; Reset Handler
  129 00000000         
  130 00000000         ; definition of symbolic constants
  131 00000000 00000005 
                       ROW     EQU              5
  132 00000000 00000004 
                       COL     EQU              4
  133 00000000         
  134 00000000 00000014 
                       ELEMENTS
                               EQU              ROW * COL
  135 00000000         
  136 00000000         
  137 00000000         ;Register alias
  138 00000000        0 
                       matrix  RN               0           ; R0 -> matrix
  139 00000000        1 
                       new_matrix
                               RN               1           ; R1 -> new_matrix
  140 00000000         ; index   RN   2 ; index
  141 00000000        2 
                       i       RN               2           ; 
  142 00000000        3 
                       j       RN               3
  143 00000000        4 
                       constant
                               RN               4
  144 00000000         



ARM Macro Assembler    Page 5 


  145 00000000         
  146 00000000         
  147 00000000         
  148 00000000         Reset_Handler
                               PROC
  149 00000000                 EXPORT           Reset_Handler             [WEAK
]
  150 00000000         
  151 00000000         
  152 00000000         ;the following piece of code implements the  multiplicat
                       ion keeping the matrix indexes
  153 00000000         ;alias for registers:
  154 00000000         ;matrix -> R0
  155 00000000         ;new_matrix -> R1
  156 00000000         ;i -> R2
  157 00000000         ;j -> R3
  158 00000000         ;constant -> R4
  159 00000000         
  160 00000000         ; your code here  
  161 00000000 4822            LDR              matrix, =MATRIX
  162 00000002 4923            LDR              new_matrix, =NEW_MATRIX
  163 00000004 F04F 0200       MOV              i, #0
  164 00000008         
  165 00000008 4C22            LDR              constant, =CONSTANT
  166 0000000A 6824            LDR              constant, [constant]
  167 0000000C         
  168 0000000C         external_loop
  169 0000000C F04F 0300       MOV              j, #0
  170 00000010         internal_loop
  171 00000010 F04F 0504       mov              r5, #COL    ;(i * COL + j) *4
  172 00000014 FB05 F502       mul              r5, r5, i
  173 00000018 441D            add              r5, r5, j
  174 0000001A F850 6025       ldr              r6, [matrix, r5, lsl #2] 
                                                            ; matrix[i * 4]
  175 0000001E FB06 F604       mul              r6, r6, constant
  176 00000022 F841 6025       str              r6, [new_matrix, r5, lsl #2]
  177 00000026 F103 0301       add              j, j, #1
  178 0000002A 2B04            cmp              j, #COL
  179 0000002C D3F0            blo              internal_loop
  180 0000002E         
  181 0000002E F102 0201       add              i, i, #1
  182 00000032 2A05            cmp              i, #ROW
  183 00000034 D3EA            blo              external_loop
  184 00000036         
  185 00000036         
  186 00000036         ;the following piece of code implements the multiplicati
                       on considering the 
  187 00000036         ;matrix as a long array. 
  188 00000036         ;alias for registers:
  189 00000036         ;constant -> 
  190 00000036         ;index -> R2
  191 00000036         ;matrix -> R0
  192 00000036         ;new_matrix -> R1
  193 00000036         ;constant -> R3
  194 00000036         
  195 00000036         ;ciclo   LDR r4, [matrix, index, lsl #2] 
  196 00000036         ;    mul r4, r4, constant
  197 00000036         ;    STR r4, [new_matrix, index, lsl #2]
  198 00000036         ;    



ARM Macro Assembler    Page 6 


  199 00000036         ;    add index, index, #1
  200 00000036         ;    
  201 00000036         ;    cmp index, #ELEMENTS
  202 00000036         ;    blo ciclo
  203 00000036         
  204 00000036         
  205 00000036         
  206 00000036         
  207 00000036 E7FE            B                .
  208 00000038                 ENDP
  209 00000038         
  210 00000038 00000001 
              00000002 
              00000003 
              00000004 MATRIX  DCD              1, 2, 3, 4
  211 00000048 00000005 
              00000006 
              00000007 
              00000008         DCD              5, 6, 7, 8
  212 00000058 00000001 
              00000002 
              00000003 
              00000004         DCD              1, 2, 3, 4
  213 00000068 00000005 
              00000006 
              00000007 
              00000008         DCD              5, 6, 7, 8
  214 00000078 00000001 
              00000002 
              00000003 
              00000004         DCD              1, 2, 3, 4
  215 00000088         
  216 00000088 0000000A 
                       CONSTANT
                               DCD              10
  217 0000008C         
  218 0000008C 00000000 
              00000000 
              00000000         LTORG
  219 00000098         
  220 00000098         
  221 00000098         ; Dummy Exception Handlers (infinite loops which can be 
                       modified)
  222 00000098         
  223 00000098         NMI_Handler
                               PROC
  224 00000098                 EXPORT           NMI_Handler               [WEAK
]
  225 00000098 E7FE            B                .
  226 0000009A                 ENDP
  228 0000009A         HardFault_Handler
                               PROC
  229 0000009A                 EXPORT           HardFault_Handler         [WEAK
]
  230 0000009A E7FE            B                .
  231 0000009C                 ENDP
  233 0000009C         MemManage_Handler
                               PROC
  234 0000009C                 EXPORT           MemManage_Handler         [WEAK



ARM Macro Assembler    Page 7 


]
  235 0000009C E7FE            B                .
  236 0000009E                 ENDP
  238 0000009E         BusFault_Handler
                               PROC
  239 0000009E                 EXPORT           BusFault_Handler          [WEAK
]
  240 0000009E E7FE            B                .
  241 000000A0                 ENDP
  243 000000A0         UsageFault_Handler
                               PROC
  244 000000A0                 EXPORT           UsageFault_Handler        [WEAK
]
  245 000000A0 E7FE            B                .
  246 000000A2                 ENDP
  247 000000A2         SVC_Handler
                               PROC
  248 000000A2                 EXPORT           SVC_Handler               [WEAK
]
  249 000000A2 E7FE            B                .
  250 000000A4                 ENDP
  252 000000A4         DebugMon_Handler
                               PROC
  253 000000A4                 EXPORT           DebugMon_Handler          [WEAK
]
  254 000000A4 E7FE            B                .
  255 000000A6                 ENDP
  256 000000A6         PendSV_Handler
                               PROC
  257 000000A6                 EXPORT           PendSV_Handler            [WEAK
]
  258 000000A6 E7FE            B                .
  259 000000A8                 ENDP
  260 000000A8         SysTick_Handler
                               PROC
  261 000000A8                 EXPORT           SysTick_Handler           [WEAK
]
  262 000000A8 E7FE            B                .
  263 000000AA                 ENDP
  264 000000AA         
  265 000000AA         Default_Handler
                               PROC
  266 000000AA         
  267 000000AA                 EXPORT           WDT_IRQHandler            [WEAK
]
  268 000000AA                 EXPORT           TIMER0_IRQHandler         [WEAK
]
  269 000000AA                 EXPORT           TIMER1_IRQHandler         [WEAK
]
  270 000000AA                 EXPORT           TIMER2_IRQHandler         [WEAK
]
  271 000000AA                 EXPORT           TIMER3_IRQHandler         [WEAK
]
  272 000000AA                 EXPORT           UART0_IRQHandler          [WEAK
]
  273 000000AA                 EXPORT           UART1_IRQHandler          [WEAK
]
  274 000000AA                 EXPORT           UART2_IRQHandler          [WEAK
]



ARM Macro Assembler    Page 8 


  275 000000AA                 EXPORT           UART3_IRQHandler          [WEAK
]
  276 000000AA                 EXPORT           PWM1_IRQHandler           [WEAK
]
  277 000000AA                 EXPORT           I2C0_IRQHandler           [WEAK
]
  278 000000AA                 EXPORT           I2C1_IRQHandler           [WEAK
]
  279 000000AA                 EXPORT           I2C2_IRQHandler           [WEAK
]
  280 000000AA                 EXPORT           SPI_IRQHandler            [WEAK
]
  281 000000AA                 EXPORT           SSP0_IRQHandler           [WEAK
]
  282 000000AA                 EXPORT           SSP1_IRQHandler           [WEAK
]
  283 000000AA                 EXPORT           PLL0_IRQHandler           [WEAK
]
  284 000000AA                 EXPORT           RTC_IRQHandler            [WEAK
]
  285 000000AA                 EXPORT           EINT0_IRQHandler          [WEAK
]
  286 000000AA                 EXPORT           EINT1_IRQHandler          [WEAK
]
  287 000000AA                 EXPORT           EINT2_IRQHandler          [WEAK
]
  288 000000AA                 EXPORT           EINT3_IRQHandler          [WEAK
]
  289 000000AA                 EXPORT           ADC_IRQHandler            [WEAK
]
  290 000000AA                 EXPORT           BOD_IRQHandler            [WEAK
]
  291 000000AA                 EXPORT           USB_IRQHandler            [WEAK
]
  292 000000AA                 EXPORT           CAN_IRQHandler            [WEAK
]
  293 000000AA                 EXPORT           DMA_IRQHandler            [WEAK
]
  294 000000AA                 EXPORT           I2S_IRQHandler            [WEAK
]
  295 000000AA                 EXPORT           ENET_IRQHandler           [WEAK
]
  296 000000AA                 EXPORT           RIT_IRQHandler            [WEAK
]
  297 000000AA                 EXPORT           MCPWM_IRQHandler          [WEAK
]
  298 000000AA                 EXPORT           QEI_IRQHandler            [WEAK
]
  299 000000AA                 EXPORT           PLL1_IRQHandler           [WEAK
]
  300 000000AA                 EXPORT           USBActivity_IRQHandler    [WEAK
]
  301 000000AA                 EXPORT           CANActivity_IRQHandler    [WEAK
]
  302 000000AA         
  303 000000AA         WDT_IRQHandler
  304 000000AA         TIMER0_IRQHandler
  305 000000AA         TIMER1_IRQHandler
  306 000000AA         TIMER2_IRQHandler



ARM Macro Assembler    Page 9 


  307 000000AA         TIMER3_IRQHandler
  308 000000AA         UART0_IRQHandler
  309 000000AA         UART1_IRQHandler
  310 000000AA         UART2_IRQHandler
  311 000000AA         UART3_IRQHandler
  312 000000AA         PWM1_IRQHandler
  313 000000AA         I2C0_IRQHandler
  314 000000AA         I2C1_IRQHandler
  315 000000AA         I2C2_IRQHandler
  316 000000AA         SPI_IRQHandler
  317 000000AA         SSP0_IRQHandler
  318 000000AA         SSP1_IRQHandler
  319 000000AA         PLL0_IRQHandler
  320 000000AA         RTC_IRQHandler
  321 000000AA         EINT0_IRQHandler
  322 000000AA         EINT1_IRQHandler
  323 000000AA         EINT2_IRQHandler
  324 000000AA         EINT3_IRQHandler
  325 000000AA         ADC_IRQHandler
  326 000000AA         BOD_IRQHandler
  327 000000AA         USB_IRQHandler
  328 000000AA         CAN_IRQHandler
  329 000000AA         DMA_IRQHandler
  330 000000AA         I2S_IRQHandler
  331 000000AA         ENET_IRQHandler
  332 000000AA         RIT_IRQHandler
  333 000000AA         MCPWM_IRQHandler
  334 000000AA         QEI_IRQHandler
  335 000000AA         PLL1_IRQHandler
  336 000000AA         USBActivity_IRQHandler
  337 000000AA         CANActivity_IRQHandler
  338 000000AA         
  339 000000AA E7FE            B                .
  340 000000AC         
  341 000000AC                 ENDP
  342 000000AC         
  343 000000AC         
  344 000000AC                 ALIGN
  345 000000AC         
  346 000000AC         
  347 000000AC         ; User Initial Stack & Heap
  348 000000AC         
  349 000000AC                 EXPORT           __initial_sp
  350 000000AC                 EXPORT           __heap_base
  351 000000AC                 EXPORT           __heap_limit
  352 000000AC         
  353 000000AC                 END
Command Line: --debug --xref --diag_suppress=9931 --cpu=Cortex-M3 --apcs=interw
ork --depend=.\startup.d -o.\startup.o -I.\RTE\_Target_1 -I"C:\Users\Filippo Ma
rtino\AppData\Local\Arm\Packs\ARM\CMSIS\5.8.0\CMSIS\Core\Include" -I"C:\Users\F
ilippo Martino\AppData\Local\Arm\Packs\Keil\LPC1700_DFP\2.7.1\Device\Include" -
-predefine="__EVAL SETA 1" --predefine="__UVISION_VERSION SETA 536" --predefine
="_RTE_ SETA 1" --predefine="LPC175x_6x SETA 1" --predefine="_RTE_ SETA 1" --li
st=.\startup.lst startup.s



ARM Macro Assembler    Page 1 Alphabetic symbol ordering
Relocatable symbols

STACK 00000000

Symbol: STACK
   Definitions
      At line 33 in file startup.s
   Uses
      None
Comment: STACK unused
Stack_Mem 00000000

Symbol: Stack_Mem
   Definitions
      At line 34 in file startup.s
   Uses
      None
Comment: Stack_Mem unused
__initial_sp 00000200

Symbol: __initial_sp
   Definitions
      At line 35 in file startup.s
   Uses
      At line 59 in file startup.s
      At line 349 in file startup.s

3 symbols



ARM Macro Assembler    Page 1 Alphabetic symbol ordering
Relocatable symbols

HEAP 00000000

Symbol: HEAP
   Definitions
      At line 44 in file startup.s
   Uses
      None
Comment: HEAP unused
Heap_Mem 00000000

Symbol: Heap_Mem
   Definitions
      At line 46 in file startup.s
   Uses
      None
Comment: Heap_Mem unused
__heap_base 00000000

Symbol: __heap_base
   Definitions
      At line 45 in file startup.s
   Uses
      At line 350 in file startup.s
Comment: __heap_base used once
__heap_limit 00000000

Symbol: __heap_limit
   Definitions
      At line 47 in file startup.s
   Uses
      At line 351 in file startup.s
Comment: __heap_limit used once
4 symbols



ARM Macro Assembler    Page 1 Alphabetic symbol ordering
Relocatable symbols

RESET 00000000

Symbol: RESET
   Definitions
      At line 56 in file startup.s
   Uses
      None
Comment: RESET unused
__Vectors 00000000

Symbol: __Vectors
   Definitions
      At line 59 in file startup.s
   Uses
      At line 57 in file startup.s
Comment: __Vectors used once
2 symbols



ARM Macro Assembler    Page 1 Alphabetic symbol ordering
Relocatable symbols

.ARM.__at_0x02FC 00000000

Symbol: .ARM.__at_0x02FC
   Definitions
      At line 115 in file startup.s
   Uses
      None
Comment: .ARM.__at_0x02FC unused
CRP_Key 00000000

Symbol: CRP_Key
   Definitions
      At line 116 in file startup.s
   Uses
      None
Comment: CRP_Key unused
2 symbols



ARM Macro Assembler    Page 1 Alphabetic symbol ordering
Relocatable symbols

My_DATA 00000000

Symbol: My_DATA
   Definitions
      At line 122 in file startup.s
   Uses
      None
Comment: My_DATA unused
NEW_MATRIX 00000000

Symbol: NEW_MATRIX
   Definitions
      At line 123 in file startup.s
   Uses
      At line 162 in file startup.s
Comment: NEW_MATRIX used once
2 symbols



ARM Macro Assembler    Page 1 Alphabetic symbol ordering
Relocatable symbols

.text 00000000

Symbol: .text
   Definitions
      At line 126 in file startup.s
   Uses
      None
Comment: .text unused
ADC_IRQHandler 000000AA

Symbol: ADC_IRQHandler
   Definitions
      At line 325 in file startup.s
   Uses
      At line 99 in file startup.s
      At line 289 in file startup.s

BOD_IRQHandler 000000AA

Symbol: BOD_IRQHandler
   Definitions
      At line 326 in file startup.s
   Uses
      At line 100 in file startup.s
      At line 290 in file startup.s

BusFault_Handler 0000009E

Symbol: BusFault_Handler
   Definitions
      At line 238 in file startup.s
   Uses
      At line 64 in file startup.s
      At line 239 in file startup.s

CANActivity_IRQHandler 000000AA

Symbol: CANActivity_IRQHandler
   Definitions
      At line 337 in file startup.s
   Uses
      At line 111 in file startup.s
      At line 301 in file startup.s

CAN_IRQHandler 000000AA

Symbol: CAN_IRQHandler
   Definitions
      At line 328 in file startup.s
   Uses
      At line 102 in file startup.s
      At line 292 in file startup.s

CONSTANT 00000088

Symbol: CONSTANT
   Definitions
      At line 216 in file startup.s
   Uses



ARM Macro Assembler    Page 2 Alphabetic symbol ordering
Relocatable symbols

      At line 165 in file startup.s
Comment: CONSTANT used once
DMA_IRQHandler 000000AA

Symbol: DMA_IRQHandler
   Definitions
      At line 329 in file startup.s
   Uses
      At line 103 in file startup.s
      At line 293 in file startup.s

DebugMon_Handler 000000A4

Symbol: DebugMon_Handler
   Definitions
      At line 252 in file startup.s
   Uses
      At line 71 in file startup.s
      At line 253 in file startup.s

Default_Handler 000000AA

Symbol: Default_Handler
   Definitions
      At line 265 in file startup.s
   Uses
      None
Comment: Default_Handler unused
EINT0_IRQHandler 000000AA

Symbol: EINT0_IRQHandler
   Definitions
      At line 321 in file startup.s
   Uses
      At line 95 in file startup.s
      At line 285 in file startup.s

EINT1_IRQHandler 000000AA

Symbol: EINT1_IRQHandler
   Definitions
      At line 322 in file startup.s
   Uses
      At line 96 in file startup.s
      At line 286 in file startup.s

EINT2_IRQHandler 000000AA

Symbol: EINT2_IRQHandler
   Definitions
      At line 323 in file startup.s
   Uses
      At line 97 in file startup.s
      At line 287 in file startup.s

EINT3_IRQHandler 000000AA

Symbol: EINT3_IRQHandler
   Definitions



ARM Macro Assembler    Page 3 Alphabetic symbol ordering
Relocatable symbols

      At line 324 in file startup.s
   Uses
      At line 98 in file startup.s
      At line 288 in file startup.s

ENET_IRQHandler 000000AA

Symbol: ENET_IRQHandler
   Definitions
      At line 331 in file startup.s
   Uses
      At line 105 in file startup.s
      At line 295 in file startup.s

HardFault_Handler 0000009A

Symbol: HardFault_Handler
   Definitions
      At line 228 in file startup.s
   Uses
      At line 62 in file startup.s
      At line 229 in file startup.s

I2C0_IRQHandler 000000AA

Symbol: I2C0_IRQHandler
   Definitions
      At line 313 in file startup.s
   Uses
      At line 87 in file startup.s
      At line 277 in file startup.s

I2C1_IRQHandler 000000AA

Symbol: I2C1_IRQHandler
   Definitions
      At line 314 in file startup.s
   Uses
      At line 88 in file startup.s
      At line 278 in file startup.s

I2C2_IRQHandler 000000AA

Symbol: I2C2_IRQHandler
   Definitions
      At line 315 in file startup.s
   Uses
      At line 89 in file startup.s
      At line 279 in file startup.s

I2S_IRQHandler 000000AA

Symbol: I2S_IRQHandler
   Definitions
      At line 330 in file startup.s
   Uses
      At line 104 in file startup.s
      At line 294 in file startup.s




ARM Macro Assembler    Page 4 Alphabetic symbol ordering
Relocatable symbols

MATRIX 00000038

Symbol: MATRIX
   Definitions
      At line 210 in file startup.s
   Uses
      At line 161 in file startup.s
Comment: MATRIX used once
MCPWM_IRQHandler 000000AA

Symbol: MCPWM_IRQHandler
   Definitions
      At line 333 in file startup.s
   Uses
      At line 107 in file startup.s
      At line 297 in file startup.s

MemManage_Handler 0000009C

Symbol: MemManage_Handler
   Definitions
      At line 233 in file startup.s
   Uses
      At line 63 in file startup.s
      At line 234 in file startup.s

NMI_Handler 00000098

Symbol: NMI_Handler
   Definitions
      At line 223 in file startup.s
   Uses
      At line 61 in file startup.s
      At line 224 in file startup.s

PLL0_IRQHandler 000000AA

Symbol: PLL0_IRQHandler
   Definitions
      At line 319 in file startup.s
   Uses
      At line 93 in file startup.s
      At line 283 in file startup.s

PLL1_IRQHandler 000000AA

Symbol: PLL1_IRQHandler
   Definitions
      At line 335 in file startup.s
   Uses
      At line 109 in file startup.s
      At line 299 in file startup.s

PWM1_IRQHandler 000000AA

Symbol: PWM1_IRQHandler
   Definitions
      At line 312 in file startup.s
   Uses



ARM Macro Assembler    Page 5 Alphabetic symbol ordering
Relocatable symbols

      At line 86 in file startup.s
      At line 276 in file startup.s

PendSV_Handler 000000A6

Symbol: PendSV_Handler
   Definitions
      At line 256 in file startup.s
   Uses
      At line 73 in file startup.s
      At line 257 in file startup.s

QEI_IRQHandler 000000AA

Symbol: QEI_IRQHandler
   Definitions
      At line 334 in file startup.s
   Uses
      At line 108 in file startup.s
      At line 298 in file startup.s

RIT_IRQHandler 000000AA

Symbol: RIT_IRQHandler
   Definitions
      At line 332 in file startup.s
   Uses
      At line 106 in file startup.s
      At line 296 in file startup.s

RTC_IRQHandler 000000AA

Symbol: RTC_IRQHandler
   Definitions
      At line 320 in file startup.s
   Uses
      At line 94 in file startup.s
      At line 284 in file startup.s

Reset_Handler 00000000

Symbol: Reset_Handler
   Definitions
      At line 148 in file startup.s
   Uses
      At line 60 in file startup.s
      At line 149 in file startup.s

SPI_IRQHandler 000000AA

Symbol: SPI_IRQHandler
   Definitions
      At line 316 in file startup.s
   Uses
      At line 90 in file startup.s
      At line 280 in file startup.s

SSP0_IRQHandler 000000AA




ARM Macro Assembler    Page 6 Alphabetic symbol ordering
Relocatable symbols

Symbol: SSP0_IRQHandler
   Definitions
      At line 317 in file startup.s
   Uses
      At line 91 in file startup.s
      At line 281 in file startup.s

SSP1_IRQHandler 000000AA

Symbol: SSP1_IRQHandler
   Definitions
      At line 318 in file startup.s
   Uses
      At line 92 in file startup.s
      At line 282 in file startup.s

SVC_Handler 000000A2

Symbol: SVC_Handler
   Definitions
      At line 247 in file startup.s
   Uses
      At line 70 in file startup.s
      At line 248 in file startup.s

SysTick_Handler 000000A8

Symbol: SysTick_Handler
   Definitions
      At line 260 in file startup.s
   Uses
      At line 74 in file startup.s
      At line 261 in file startup.s

TIMER0_IRQHandler 000000AA

Symbol: TIMER0_IRQHandler
   Definitions
      At line 304 in file startup.s
   Uses
      At line 78 in file startup.s
      At line 268 in file startup.s

TIMER1_IRQHandler 000000AA

Symbol: TIMER1_IRQHandler
   Definitions
      At line 305 in file startup.s
   Uses
      At line 79 in file startup.s
      At line 269 in file startup.s

TIMER2_IRQHandler 000000AA

Symbol: TIMER2_IRQHandler
   Definitions
      At line 306 in file startup.s
   Uses
      At line 80 in file startup.s



ARM Macro Assembler    Page 7 Alphabetic symbol ordering
Relocatable symbols

      At line 270 in file startup.s

TIMER3_IRQHandler 000000AA

Symbol: TIMER3_IRQHandler
   Definitions
      At line 307 in file startup.s
   Uses
      At line 81 in file startup.s
      At line 271 in file startup.s

UART0_IRQHandler 000000AA

Symbol: UART0_IRQHandler
   Definitions
      At line 308 in file startup.s
   Uses
      At line 82 in file startup.s
      At line 272 in file startup.s

UART1_IRQHandler 000000AA

Symbol: UART1_IRQHandler
   Definitions
      At line 309 in file startup.s
   Uses
      At line 83 in file startup.s
      At line 273 in file startup.s

UART2_IRQHandler 000000AA

Symbol: UART2_IRQHandler
   Definitions
      At line 310 in file startup.s
   Uses
      At line 84 in file startup.s
      At line 274 in file startup.s

UART3_IRQHandler 000000AA

Symbol: UART3_IRQHandler
   Definitions
      At line 311 in file startup.s
   Uses
      At line 85 in file startup.s
      At line 275 in file startup.s

USBActivity_IRQHandler 000000AA

Symbol: USBActivity_IRQHandler
   Definitions
      At line 336 in file startup.s
   Uses
      At line 110 in file startup.s
      At line 300 in file startup.s

USB_IRQHandler 000000AA

Symbol: USB_IRQHandler



ARM Macro Assembler    Page 8 Alphabetic symbol ordering
Relocatable symbols

   Definitions
      At line 327 in file startup.s
   Uses
      At line 101 in file startup.s
      At line 291 in file startup.s

UsageFault_Handler 000000A0

Symbol: UsageFault_Handler
   Definitions
      At line 243 in file startup.s
   Uses
      At line 65 in file startup.s
      At line 244 in file startup.s

WDT_IRQHandler 000000AA

Symbol: WDT_IRQHandler
   Definitions
      At line 303 in file startup.s
   Uses
      At line 77 in file startup.s
      At line 267 in file startup.s

external_loop 0000000C

Symbol: external_loop
   Definitions
      At line 168 in file startup.s
   Uses
      At line 183 in file startup.s
Comment: external_loop used once
internal_loop 00000010

Symbol: internal_loop
   Definitions
      At line 170 in file startup.s
   Uses
      At line 179 in file startup.s
Comment: internal_loop used once
51 symbols



ARM Macro Assembler    Page 1 Alphabetic symbol ordering
Absolute symbols

COL 00000004

Symbol: COL
   Definitions
      At line 132 in file startup.s
   Uses
      At line 134 in file startup.s
      At line 171 in file startup.s
      At line 178 in file startup.s

ELEMENTS 00000014

Symbol: ELEMENTS
   Definitions
      At line 134 in file startup.s
   Uses
      None
Comment: ELEMENTS unused
Heap_Size 00000000

Symbol: Heap_Size
   Definitions
      At line 42 in file startup.s
   Uses
      At line 46 in file startup.s
Comment: Heap_Size used once
ROW 00000005

Symbol: ROW
   Definitions
      At line 131 in file startup.s
   Uses
      At line 134 in file startup.s
      At line 182 in file startup.s

Stack_Size 00000200

Symbol: Stack_Size
   Definitions
      At line 31 in file startup.s
   Uses
      At line 34 in file startup.s
Comment: Stack_Size used once
5 symbols
412 symbols in table
